-------------------------------------------------------------------------------
Test set: com.citi.trade.recommendation.service.UserHistoryServiceTest
-------------------------------------------------------------------------------
Tests run: 7, Failures: 0, Errors: 1, Skipped: 1, Time elapsed: 0.427 s <<< FAILURE! - in com.citi.trade.recommendation.service.UserHistoryServiceTest
testshowTopPerformingStock  Time elapsed: 0.016 s  <<< ERROR!
java.lang.IndexOutOfBoundsException: Index 0 out of bounds for length 0
	at com.citi.trade.recommendation.service.UserHistoryServiceTest.testshowTopPerformingStock(UserHistoryServiceTest.java:85)

