-------------------------------------------------------------------------------
Test set: com.citi.trade.recommendation.service.SectorStocksServiceTest
-------------------------------------------------------------------------------
Tests run: 4, Failures: 1, Errors: 0, Skipped: 0, Time elapsed: 0.315 s <<< FAILURE! - in com.citi.trade.recommendation.service.SectorStocksServiceTest
testShowCompanySymbols  Time elapsed: 0.216 s  <<< FAILURE!
org.opentest4j.AssertionFailedError: expected: <true> but was: <false>
	at com.citi.trade.recommendation.service.SectorStocksServiceTest.testShowCompanySymbols(SectorStocksServiceTest.java:46)

